<?xml version="1.0" encoding="UTF-8"?>
<testsuite xmlns:xsi="http://www.w3.org/2001/XMLSchema-instance" xsi:noNamespaceSchemaLocation="https://maven.apache.org/surefire/maven-surefire-plugin/xsd/surefire-test-report.xsd" version="3.0.2" name="org.example.exercise.BookTest" time="0.059" tests="4" errors="0" skipped="0" failures="0">
  <properties>
    <property name="java.specification.version" value="21"/>
    <property name="sun.jnu.encoding" value="UTF-8"/>
    <property name="java.class.path" value="/home/admin1/Desktop/Training/Day 3 TestingLec/coupling/target/test-classes:/home/admin1/Desktop/Training/Day 3 TestingLec/coupling/target/classes:/home/admin1/.m2/repository/org/springframework/boot/spring-boot-starter/3.5.3/spring-boot-starter-3.5.3.jar:/home/admin1/.m2/repository/org/springframework/boot/spring-boot/3.5.3/spring-boot-3.5.3.jar:/home/admin1/.m2/repository/org/springframework/spring-context/6.2.8/spring-context-6.2.8.jar:/home/admin1/.m2/repository/org/springframework/spring-aop/6.2.8/spring-aop-6.2.8.jar:/home/admin1/.m2/repository/org/springframework/spring-beans/6.2.8/spring-beans-6.2.8.jar:/home/admin1/.m2/repository/org/springframework/spring-expression/6.2.8/spring-expression-6.2.8.jar:/home/admin1/.m2/repository/io/micrometer/micrometer-observation/1.15.1/micrometer-observation-1.15.1.jar:/home/admin1/.m2/repository/io/micrometer/micrometer-commons/1.15.1/micrometer-commons-1.15.1.jar:/home/admin1/.m2/repository/org/springframework/boot/spring-boot-autoconfigure/3.5.3/spring-boot-autoconfigure-3.5.3.jar:/home/admin1/.m2/repository/org/springframework/boot/spring-boot-starter-logging/3.5.3/spring-boot-starter-logging-3.5.3.jar:/home/admin1/.m2/repository/ch/qos/logback/logback-classic/1.5.18/logback-classic-1.5.18.jar:/home/admin1/.m2/repository/ch/qos/logback/logback-core/1.5.18/logback-core-1.5.18.jar:/home/admin1/.m2/repository/org/apache/logging/log4j/log4j-to-slf4j/2.24.3/log4j-to-slf4j-2.24.3.jar:/home/admin1/.m2/repository/org/apache/logging/log4j/log4j-api/2.24.3/log4j-api-2.24.3.jar:/home/admin1/.m2/repository/org/slf4j/jul-to-slf4j/2.0.17/jul-to-slf4j-2.0.17.jar:/home/admin1/.m2/repository/jakarta/annotation/jakarta.annotation-api/2.1.1/jakarta.annotation-api-2.1.1.jar:/home/admin1/.m2/repository/org/springframework/spring-core/6.2.8/spring-core-6.2.8.jar:/home/admin1/.m2/repository/org/springframework/spring-jcl/6.2.8/spring-jcl-6.2.8.jar:/home/admin1/.m2/repository/org/yaml/snakeyaml/2.4/snakeyaml-2.4.jar:/home/admin1/.m2/repository/org/springframework/boot/spring-boot-starter-test/3.5.3/spring-boot-starter-test-3.5.3.jar:/home/admin1/.m2/repository/org/springframework/boot/spring-boot-test/3.5.3/spring-boot-test-3.5.3.jar:/home/admin1/.m2/repository/org/springframework/boot/spring-boot-test-autoconfigure/3.5.3/spring-boot-test-autoconfigure-3.5.3.jar:/home/admin1/.m2/repository/com/jayway/jsonpath/json-path/2.9.0/json-path-2.9.0.jar:/home/admin1/.m2/repository/org/slf4j/slf4j-api/2.0.17/slf4j-api-2.0.17.jar:/home/admin1/.m2/repository/jakarta/xml/bind/jakarta.xml.bind-api/4.0.2/jakarta.xml.bind-api-4.0.2.jar:/home/admin1/.m2/repository/jakarta/activation/jakarta.activation-api/2.1.3/jakarta.activation-api-2.1.3.jar:/home/admin1/.m2/repository/net/minidev/json-smart/2.5.2/json-smart-2.5.2.jar:/home/admin1/.m2/repository/net/minidev/accessors-smart/2.5.2/accessors-smart-2.5.2.jar:/home/admin1/.m2/repository/org/ow2/asm/asm/9.7.1/asm-9.7.1.jar:/home/admin1/.m2/repository/org/assertj/assertj-core/3.27.3/assertj-core-3.27.3.jar:/home/admin1/.m2/repository/net/bytebuddy/byte-buddy/1.17.6/byte-buddy-1.17.6.jar:/home/admin1/.m2/repository/org/awaitility/awaitility/4.2.2/awaitility-4.2.2.jar:/home/admin1/.m2/repository/org/hamcrest/hamcrest/3.0/hamcrest-3.0.jar:/home/admin1/.m2/repository/org/junit/jupiter/junit-jupiter/5.12.2/junit-jupiter-5.12.2.jar:/home/admin1/.m2/repository/org/junit/jupiter/junit-jupiter-api/5.12.2/junit-jupiter-api-5.12.2.jar:/home/admin1/.m2/repository/org/opentest4j/opentest4j/1.3.0/opentest4j-1.3.0.jar:/home/admin1/.m2/repository/org/junit/platform/junit-platform-commons/1.12.2/junit-platform-commons-1.12.2.jar:/home/admin1/.m2/repository/org/apiguardian/apiguardian-api/1.1.2/apiguardian-api-1.1.2.jar:/home/admin1/.m2/repository/org/junit/jupiter/junit-jupiter-params/5.12.2/junit-jupiter-params-5.12.2.jar:/home/admin1/.m2/repository/org/junit/jupiter/junit-jupiter-engine/5.12.2/junit-jupiter-engine-5.12.2.jar:/home/admin1/.m2/repository/org/junit/platform/junit-platform-engine/1.12.2/junit-platform-engine-1.12.2.jar:/home/admin1/.m2/repository/org/mockito/mockito-core/5.17.0/mockito-core-5.17.0.jar:/home/admin1/.m2/repository/net/bytebuddy/byte-buddy-agent/1.17.6/byte-buddy-agent-1.17.6.jar:/home/admin1/.m2/repository/org/objenesis/objenesis/3.3/objenesis-3.3.jar:/home/admin1/.m2/repository/org/mockito/mockito-junit-jupiter/5.17.0/mockito-junit-jupiter-5.17.0.jar:/home/admin1/.m2/repository/org/skyscreamer/jsonassert/1.5.3/jsonassert-1.5.3.jar:/home/admin1/.m2/repository/com/vaadin/external/google/android-json/0.0.20131108.vaadin1/android-json-0.0.20131108.vaadin1.jar:/home/admin1/.m2/repository/org/springframework/spring-test/6.2.8/spring-test-6.2.8.jar:/home/admin1/.m2/repository/org/xmlunit/xmlunit-core/2.10.2/xmlunit-core-2.10.2.jar:"/>
    <property name="java.vm.vendor" value="Oracle Corporation"/>
    <property name="sun.arch.data.model" value="64"/>
    <property name="java.vendor.url" value="https://java.oracle.com/"/>
    <property name="os.name" value="Linux"/>
    <property name="java.vm.specification.version" value="21"/>
    <property name="user.country" value="US"/>
    <property name="sun.java.launcher" value="SUN_STANDARD"/>
    <property name="sun.boot.library.path" value="/usr/lib/jvm/jdk-21.0.7-oracle-x64/lib"/>
    <property name="sun.java.command" value="/home/admin1/Desktop/Training/Day 3 TestingLec/coupling/target/surefire/surefirebooter-20250721103901853_3.jar /home/admin1/Desktop/Training/Day 3 TestingLec/coupling/target/surefire 2025-07-21T10-39-01_761-jvmRun1 surefire-20250721103901853_1tmp surefire_0-20250721103901853_2tmp"/>
    <property name="jdk.debug" value="release"/>
    <property name="test" value="org.example.exercise.BookTest"/>
    <property name="surefire.test.class.path" value="/home/admin1/Desktop/Training/Day 3 TestingLec/coupling/target/test-classes:/home/admin1/Desktop/Training/Day 3 TestingLec/coupling/target/classes:/home/admin1/.m2/repository/org/springframework/boot/spring-boot-starter/3.5.3/spring-boot-starter-3.5.3.jar:/home/admin1/.m2/repository/org/springframework/boot/spring-boot/3.5.3/spring-boot-3.5.3.jar:/home/admin1/.m2/repository/org/springframework/spring-context/6.2.8/spring-context-6.2.8.jar:/home/admin1/.m2/repository/org/springframework/spring-aop/6.2.8/spring-aop-6.2.8.jar:/home/admin1/.m2/repository/org/springframework/spring-beans/6.2.8/spring-beans-6.2.8.jar:/home/admin1/.m2/repository/org/springframework/spring-expression/6.2.8/spring-expression-6.2.8.jar:/home/admin1/.m2/repository/io/micrometer/micrometer-observation/1.15.1/micrometer-observation-1.15.1.jar:/home/admin1/.m2/repository/io/micrometer/micrometer-commons/1.15.1/micrometer-commons-1.15.1.jar:/home/admin1/.m2/repository/org/springframework/boot/spring-boot-autoconfigure/3.5.3/spring-boot-autoconfigure-3.5.3.jar:/home/admin1/.m2/repository/org/springframework/boot/spring-boot-starter-logging/3.5.3/spring-boot-starter-logging-3.5.3.jar:/home/admin1/.m2/repository/ch/qos/logback/logback-classic/1.5.18/logback-classic-1.5.18.jar:/home/admin1/.m2/repository/ch/qos/logback/logback-core/1.5.18/logback-core-1.5.18.jar:/home/admin1/.m2/repository/org/apache/logging/log4j/log4j-to-slf4j/2.24.3/log4j-to-slf4j-2.24.3.jar:/home/admin1/.m2/repository/org/apache/logging/log4j/log4j-api/2.24.3/log4j-api-2.24.3.jar:/home/admin1/.m2/repository/org/slf4j/jul-to-slf4j/2.0.17/jul-to-slf4j-2.0.17.jar:/home/admin1/.m2/repository/jakarta/annotation/jakarta.annotation-api/2.1.1/jakarta.annotation-api-2.1.1.jar:/home/admin1/.m2/repository/org/springframework/spring-core/6.2.8/spring-core-6.2.8.jar:/home/admin1/.m2/repository/org/springframework/spring-jcl/6.2.8/spring-jcl-6.2.8.jar:/home/admin1/.m2/repository/org/yaml/snakeyaml/2.4/snakeyaml-2.4.jar:/home/admin1/.m2/repository/org/springframework/boot/spring-boot-starter-test/3.5.3/spring-boot-starter-test-3.5.3.jar:/home/admin1/.m2/repository/org/springframework/boot/spring-boot-test/3.5.3/spring-boot-test-3.5.3.jar:/home/admin1/.m2/repository/org/springframework/boot/spring-boot-test-autoconfigure/3.5.3/spring-boot-test-autoconfigure-3.5.3.jar:/home/admin1/.m2/repository/com/jayway/jsonpath/json-path/2.9.0/json-path-2.9.0.jar:/home/admin1/.m2/repository/org/slf4j/slf4j-api/2.0.17/slf4j-api-2.0.17.jar:/home/admin1/.m2/repository/jakarta/xml/bind/jakarta.xml.bind-api/4.0.2/jakarta.xml.bind-api-4.0.2.jar:/home/admin1/.m2/repository/jakarta/activation/jakarta.activation-api/2.1.3/jakarta.activation-api-2.1.3.jar:/home/admin1/.m2/repository/net/minidev/json-smart/2.5.2/json-smart-2.5.2.jar:/home/admin1/.m2/repository/net/minidev/accessors-smart/2.5.2/accessors-smart-2.5.2.jar:/home/admin1/.m2/repository/org/ow2/asm/asm/9.7.1/asm-9.7.1.jar:/home/admin1/.m2/repository/org/assertj/assertj-core/3.27.3/assertj-core-3.27.3.jar:/home/admin1/.m2/repository/net/bytebuddy/byte-buddy/1.17.6/byte-buddy-1.17.6.jar:/home/admin1/.m2/repository/org/awaitility/awaitility/4.2.2/awaitility-4.2.2.jar:/home/admin1/.m2/repository/org/hamcrest/hamcrest/3.0/hamcrest-3.0.jar:/home/admin1/.m2/repository/org/junit/jupiter/junit-jupiter/5.12.2/junit-jupiter-5.12.2.jar:/home/admin1/.m2/repository/org/junit/jupiter/junit-jupiter-api/5.12.2/junit-jupiter-api-5.12.2.jar:/home/admin1/.m2/repository/org/opentest4j/opentest4j/1.3.0/opentest4j-1.3.0.jar:/home/admin1/.m2/repository/org/junit/platform/junit-platform-commons/1.12.2/junit-platform-commons-1.12.2.jar:/home/admin1/.m2/repository/org/apiguardian/apiguardian-api/1.1.2/apiguardian-api-1.1.2.jar:/home/admin1/.m2/repository/org/junit/jupiter/junit-jupiter-params/5.12.2/junit-jupiter-params-5.12.2.jar:/home/admin1/.m2/repository/org/junit/jupiter/junit-jupiter-engine/5.12.2/junit-jupiter-engine-5.12.2.jar:/home/admin1/.m2/repository/org/junit/platform/junit-platform-engine/1.12.2/junit-platform-engine-1.12.2.jar:/home/admin1/.m2/repository/org/mockito/mockito-core/5.17.0/mockito-core-5.17.0.jar:/home/admin1/.m2/repository/net/bytebuddy/byte-buddy-agent/1.17.6/byte-buddy-agent-1.17.6.jar:/home/admin1/.m2/repository/org/objenesis/objenesis/3.3/objenesis-3.3.jar:/home/admin1/.m2/repository/org/mockito/mockito-junit-jupiter/5.17.0/mockito-junit-jupiter-5.17.0.jar:/home/admin1/.m2/repository/org/skyscreamer/jsonassert/1.5.3/jsonassert-1.5.3.jar:/home/admin1/.m2/repository/com/vaadin/external/google/android-json/0.0.20131108.vaadin1/android-json-0.0.20131108.vaadin1.jar:/home/admin1/.m2/repository/org/springframework/spring-test/6.2.8/spring-test-6.2.8.jar:/home/admin1/.m2/repository/org/xmlunit/xmlunit-core/2.10.2/xmlunit-core-2.10.2.jar:"/>
    <property name="sun.cpu.endian" value="little"/>
    <property name="user.home" value="/home/admin1"/>
    <property name="user.language" value="en"/>
    <property name="java.specification.vendor" value="Oracle Corporation"/>
    <property name="java.version.date" value="2025-04-15"/>
    <property name="java.home" value="/usr/lib/jvm/jdk-21.0.7-oracle-x64"/>
    <property name="file.separator" value="/"/>
    <property name="basedir" value="/home/admin1/Desktop/Training/Day 3 TestingLec/coupling"/>
    <property name="java.vm.compressedOopsMode" value="Zero based"/>
    <property name="line.separator" value="&#10;"/>
    <property name="java.specification.name" value="Java Platform API Specification"/>
    <property name="java.vm.specification.vendor" value="Oracle Corporation"/>
    <property name="surefire.real.class.path" value="/home/admin1/Desktop/Training/Day 3 TestingLec/coupling/target/surefire/surefirebooter-20250721103901853_3.jar"/>
    <property name="sun.management.compiler" value="HotSpot 64-Bit Tiered Compilers"/>
    <property name="java.runtime.version" value="21.0.7+8-LTS-245"/>
    <property name="user.name" value="admin1"/>
    <property name="stdout.encoding" value="UTF-8"/>
    <property name="path.separator" value=":"/>
    <property name="os.version" value="6.14.0-24-generic"/>
    <property name="java.runtime.name" value="Java(TM) SE Runtime Environment"/>
    <property name="file.encoding" value="UTF-8"/>
    <property name="java.vm.name" value="Java HotSpot(TM) 64-Bit Server VM"/>
    <property name="maven.ext.class.path" value="/home/admin1/.vscode/extensions/oracle.oracle-java-24.0.0/nbcode/java/maven-nblib/netbeans-eventspy.jar"/>
    <property name="localRepository" value="/home/admin1/.m2/repository"/>
    <property name="java.vendor.url.bug" value="https://bugreport.java.com/bugreport/"/>
    <property name="java.io.tmpdir" value="/tmp"/>
    <property name="java.version" value="21.0.7"/>
    <property name="user.dir" value="/home/admin1/Desktop/Training/Day 3 TestingLec/coupling"/>
    <property name="os.arch" value="amd64"/>
    <property name="java.vm.specification.name" value="Java Virtual Machine Specification"/>
    <property name="native.encoding" value="UTF-8"/>
    <property name="java.library.path" value="/usr/java/packages/lib:/usr/lib64:/lib64:/lib:/usr/lib"/>
    <property name="java.vm.info" value="mixed mode, sharing"/>
    <property name="stderr.encoding" value="UTF-8"/>
    <property name="java.vendor" value="Oracle Corporation"/>
    <property name="java.vm.version" value="21.0.7+8-LTS-245"/>
    <property name="sun.io.unicode.encoding" value="UnicodeLittle"/>
    <property name="java.class.version" value="65.0"/>
  </properties>
  <testcase name="testSetAvailableTrue" classname="org.example.exercise.BookTest" time="0.029"/>
  <testcase name="testMultipleBooksIndependence" classname="org.example.exercise.BookTest" time="0.002"/>
  <testcase name="testSetAvailableFalse" classname="org.example.exercise.BookTest" time="0.002"/>
  <testcase name="testConstructorAndGetters" classname="org.example.exercise.BookTest" time="0.002"/>
</testsuite>